=== puma startup: 2016-11-09 00:44:04 +0900 ===
[19282] * Starting control server on unix:///tmp/puma-status-1478619844636-19282
[19282] - Worker 5 (pid: 19341) booted, phase: 0
[19282] - Worker 15 (pid: 19382) booted, phase: 0
[19282] - Worker 1 (pid: 19326) booted, phase: 0
[19282] - Worker 3 (pid: 19333) booted, phase: 0
[19282] - Worker 8 (pid: 19354) booted, phase: 0
[19282] - Worker 11 (pid: 19366) booted, phase: 0
[19282] - Worker 13 (pid: 19374) booted, phase: 0
[19282] - Worker 9 (pid: 19358) booted, phase: 0
[19282] - Worker 7 (pid: 19350) booted, phase: 0
[19282] - Worker 4 (pid: 19338) booted, phase: 0
[19282] - Worker 6 (pid: 19345) booted, phase: 0
[19282] - Worker 17 (pid: 19390) booted, phase: 0
[19282] - Worker 10 (pid: 19362) booted, phase: 0
[19282] - Worker 16 (pid: 19386) booted, phase: 0
[19282] - Worker 2 (pid: 19330) booted, phase: 0
[19282] - Worker 19 (pid: 19396) booted, phase: 0
[19282] - Worker 0 (pid: 19322) booted, phase: 0
[19282] - Worker 20 (pid: 19402) booted, phase: 0
[19282] - Worker 23 (pid: 19410) booted, phase: 0
[19282] - Worker 21 (pid: 19404) booted, phase: 0
[19282] - Worker 12 (pid: 19370) booted, phase: 0
[19282] - Worker 22 (pid: 19406) booted, phase: 0
[19282] - Worker 14 (pid: 19378) booted, phase: 0
[19282] - Worker 18 (pid: 19394) booted, phase: 0
[19282] - Gracefully shutting down workers...
[19282] === puma shutdown: 2016-11-09 00:48:06 +0900 ===
[19282] - Goodbye!
=== puma startup: 2016-11-09 00:48:06 +0900 ===
[20278] * Starting control server on unix:///tmp/puma-status-1478620086426-20278
[20278] - Worker 5 (pid: 20347) booted, phase: 0
[20278] - Worker 13 (pid: 20379) booted, phase: 0
[20278] - Worker 2 (pid: 20336) booted, phase: 0
[20278] - Worker 10 (pid: 20367) booted, phase: 0
[20278] - Worker 8 (pid: 20359) booted, phase: 0
[20278] - Worker 11 (pid: 20372) booted, phase: 0
[20278] - Worker 15 (pid: 20387) booted, phase: 0
[20278] - Worker 18 (pid: 20402) booted, phase: 0
[20278] - Worker 3 (pid: 20339) booted, phase: 0
[20278] - Worker 7 (pid: 20355) booted, phase: 0
[20278] - Worker 9 (pid: 20364) booted, phase: 0
[20278] - Worker 16 (pid: 20392) booted, phase: 0
[20278] - Worker 4 (pid: 20343) booted, phase: 0
[20278] - Worker 21 (pid: 20414) booted, phase: 0
[20278] - Worker 19 (pid: 20407) booted, phase: 0
[20278] - Worker 0 (pid: 20328) booted, phase: 0
[20278] - Worker 17 (pid: 20394) booted, phase: 0
[20278] - Worker 14 (pid: 20384) booted, phase: 0
[20278] - Worker 12 (pid: 20376) booted, phase: 0
[20278] - Worker 22 (pid: 20418) booted, phase: 0
[20278] - Worker 20 (pid: 20412) booted, phase: 0
[20278] - Worker 23 (pid: 20423) booted, phase: 0
[20278] - Worker 6 (pid: 20352) booted, phase: 0
[20278] - Worker 1 (pid: 20332) booted, phase: 0
[20278] - Gracefully shutting down workers...
[20278] === puma shutdown: 2016-11-09 00:48:34 +0900 ===
[20278] - Goodbye!
=== puma startup: 2016-11-09 00:48:34 +0900 ===
[20643] * Starting control server on unix:///tmp/puma-status-1478620114621-20643
[20643] - Worker 8 (pid: 20723) booted, phase: 0
[20643] - Worker 3 (pid: 20704) booted, phase: 0
[20643] - Worker 11 (pid: 20735) booted, phase: 0
[20643] - Worker 4 (pid: 20708) booted, phase: 0
[20643] - Worker 12 (pid: 20740) booted, phase: 0
[20643] - Worker 15 (pid: 20752) booted, phase: 0
[20643] - Worker 7 (pid: 20720) booted, phase: 0
[20643] - Worker 18 (pid: 20762) booted, phase: 0
[20643] - Worker 5 (pid: 20712) booted, phase: 0
[20643] - Worker 10 (pid: 20732) booted, phase: 0
[20643] - Worker 2 (pid: 20700) booted, phase: 0
[20643] - Worker 13 (pid: 20744) booted, phase: 0
[20643] - Worker 19 (pid: 20766) booted, phase: 0
[20643] - Worker 6 (pid: 20715) booted, phase: 0
[20643] - Worker 14 (pid: 20748) booted, phase: 0
[20643] - Worker 17 (pid: 20758) booted, phase: 0
[20643] - Worker 20 (pid: 20772) booted, phase: 0
[20643] - Worker 9 (pid: 20727) booted, phase: 0
[20643] - Worker 21 (pid: 20776) booted, phase: 0
[20643] - Worker 16 (pid: 20754) booted, phase: 0
[20643] - Worker 0 (pid: 20692) booted, phase: 0
[20643] - Worker 22 (pid: 20780) booted, phase: 0
[20643] - Worker 1 (pid: 20696) booted, phase: 0
[20643] - Worker 23 (pid: 20784) booted, phase: 0
[20643] - Gracefully shutting down workers...
[20643] === puma shutdown: 2016-11-09 00:49:32 +0900 ===
[20643] - Goodbye!
=== puma startup: 2016-11-09 00:49:32 +0900 ===
[20959] * Starting control server on unix:///tmp/puma-status-1478620172970-20959
[20959] - Worker 15 (pid: 21068) booted, phase: 0
[20959] - Worker 1 (pid: 21011) booted, phase: 0
[20959] - Worker 12 (pid: 21056) booted, phase: 0
[20959] - Worker 2 (pid: 21016) booted, phase: 0
[20959] - Worker 0 (pid: 21008) booted, phase: 0
[20959] - Worker 3 (pid: 21020) booted, phase: 0
[20959] - Worker 4 (pid: 21024) booted, phase: 0
[20959] - Worker 5 (pid: 21027) booted, phase: 0
[20959] - Worker 21 (pid: 21092) booted, phase: 0
[20959] - Worker 7 (pid: 21036) booted, phase: 0
[20959] - Worker 16 (pid: 21072) booted, phase: 0
[20959] - Worker 20 (pid: 21088) booted, phase: 0
[20959] - Worker 17 (pid: 21076) booted, phase: 0
[20959] - Worker 13 (pid: 21059) booted, phase: 0
[20959] - Worker 19 (pid: 21084) booted, phase: 0
[20959] - Worker 11 (pid: 21052) booted, phase: 0
[20959] - Worker 14 (pid: 21064) booted, phase: 0
[20959] - Worker 9 (pid: 21044) booted, phase: 0
[20959] - Worker 23 (pid: 21100) booted, phase: 0
[20959] - Worker 10 (pid: 21048) booted, phase: 0
[20959] - Worker 8 (pid: 21040) booted, phase: 0
[20959] - Worker 22 (pid: 21096) booted, phase: 0
[20959] - Worker 18 (pid: 21080) booted, phase: 0
[20959] - Worker 6 (pid: 21032) booted, phase: 0
[20959] - Gracefully shutting down workers...
[20959] === puma shutdown: 2016-11-09 00:54:11 +0900 ===
[20959] - Goodbye!
=== puma startup: 2016-11-09 00:54:11 +0900 ===
[21941] * Starting control server on unix:///tmp/puma-status-1478620451463-21941
[21941] ! Out-of-sync worker list, no 22034 worker
[21941] ! Out-of-sync worker list, no 21994 worker
[21941] ! Out-of-sync worker list, no 22042 worker
[21941] ! Out-of-sync worker list, no 22046 worker
[21941] ! Out-of-sync worker list, no 22038 worker
[21941] ! Out-of-sync worker list, no 22030 worker
[21941] ! Out-of-sync worker list, no 22050 worker
[21941] ! Out-of-sync worker list, no 22076 worker
[21941] ! Out-of-sync worker list, no 22052 worker
[21941] ! Out-of-sync worker list, no 22080 worker
[21941] ! Out-of-sync worker list, no 22063 worker
[21941] ! Out-of-sync worker list, no 22120 worker
[21941] ! Out-of-sync worker list, no 22116 worker
[21941] ! Out-of-sync worker list, no 22167 worker
[21941] ! Out-of-sync worker list, no 22197 worker
[21941] ! Out-of-sync worker list, no 22257 worker
[21941] ! Out-of-sync worker list, no 22264 worker
[21941] ! Out-of-sync worker list, no 22352 worker
[21941] ! Out-of-sync worker list, no 22454 worker
[21941] ! Out-of-sync worker list, no 22404 worker
[23188] Early termination of worker[23176] Early termination of worker[23182] Early termination of worker[23158] Early termination of worker
[23154] Early termination of worker[23196] Early termination of worker

[23110] Early termination of worker[23170] Early termination of worker

[23138] Early termination of worker

[23106] Early termination of worker

[23180] Early termination of worker[23142] Early termination of worker

[23126] Early termination of worker
[23192] Early termination of worker
[23146] Early termination of worker
[23167] Early termination of worker[23200] Early termination of worker


[23114] Early termination of worker
[23150] Early termination of worker
[23128] Early termination of worker
[23134] Early termination of worker
[23161] Early termination of worker
[21941] - Gracefully shutting down workers...
[23205] Early termination of worker
[23210] Early termination of worker
[21941] === puma shutdown: 2016-11-09 00:54:38 +0900 ===
[21941] - Goodbye!
=== puma startup: 2016-11-09 00:54:38 +0900 ===
[23222] * Starting control server on unix:///tmp/puma-status-1478620478784-23222
[23222] ! Out-of-sync worker list, no 23350 worker
[23222] ! Out-of-sync worker list, no 23315 worker
[23222] ! Out-of-sync worker list, no 23334 worker
[23222] ! Out-of-sync worker list, no 23275 worker
[23222] ! Out-of-sync worker list, no 23343 worker
[23222] ! Out-of-sync worker list, no 23321 worker
[23222] ! Out-of-sync worker list, no 23283 worker
[23222] ! Out-of-sync worker list, no 23339 worker
[23222] ! Out-of-sync worker list, no 23460 worker
[23222] ! Out-of-sync worker list, no 23663 worker
[24643] Early termination of worker
[24612] Early termination of worker
[24585] Early termination of worker[24639] Early termination of worker[24618] Early termination of worker[24594] Early termination of worker


[24577] Early termination of worker
[24651] Early termination of worker

[23222] - Gracefully shutting down workers...
[24647] Early termination of worker[24581] Early termination of worker

[24626] Early termination of worker
[24606] Early termination of worker
[24610] Early termination of worker
[24589] Early termination of worker
[24569] Early termination of worker
[24635] Early termination of worker
[24630] Early termination of worker
[24602] Early termination of worker
[24565] Early termination of worker
[24622] Early termination of worker
[24598] Early termination of worker
[24571] Early termination of worker
[24655] Early termination of worker
[24659] Early termination of worker
[23222] === puma shutdown: 2016-11-09 00:55:09 +0900 ===
[23222] - Goodbye!
=== puma startup: 2016-11-09 00:55:09 +0900 ===
[24673] * Starting control server on unix:///tmp/puma-status-1478620509868-24673
[24673] ! Out-of-sync worker list, no 24859 worker
[24673] - Worker 5 (pid: 28672) booted, phase: 0
[24673] - Worker 0 (pid: 28676) booted, phase: 0
[24673] - Worker 9 (pid: 28684) booted, phase: 0
[24673] - Worker 6 (pid: 28680) booted, phase: 0
[24673] - Worker 18 (pid: 28688) booted, phase: 0
[24673] - Worker 12 (pid: 28692) booted, phase: 0
[24673] - Worker 13 (pid: 28700) booted, phase: 0
[24673] - Worker 4 (pid: 28696) booted, phase: 0
[24673] - Worker 1 (pid: 28704) booted, phase: 0
[24673] - Worker 15 (pid: 28724) booted, phase: 0
[24673] - Worker 2 (pid: 28708) booted, phase: 0
[24673] - Worker 10 (pid: 28712) booted, phase: 0
[24673] - Worker 22 (pid: 28716) booted, phase: 0
[24673] - Worker 23 (pid: 28720) booted, phase: 0
[24673] - Worker 21 (pid: 28728) booted, phase: 0
[24673] - Worker 3 (pid: 28732) booted, phase: 0
[24673] - Worker 11 (pid: 28740) booted, phase: 0
[24673] - Worker 14 (pid: 28736) booted, phase: 0
[24673] - Worker 7 (pid: 28744) booted, phase: 0
[24673] - Worker 17 (pid: 28752) booted, phase: 0
[24673] - Worker 16 (pid: 28756) booted, phase: 0
[24673] - Worker 8 (pid: 28748) booted, phase: 0
[24673] - Worker 20 (pid: 28764) booted, phase: 0
[24673] - Worker 19 (pid: 28760) booted, phase: 0
[24673] - Gracefully shutting down workers...
[24673] === puma shutdown: 2016-11-09 00:57:14 +0900 ===
[24673] - Goodbye!
=== puma startup: 2016-11-09 00:57:14 +0900 ===
[29036] * Starting control server on unix:///tmp/puma-status-1478620634352-29036
[29036] - Worker 3 (pid: 29096) booted, phase: 0
[29036] - Worker 1 (pid: 29089) booted, phase: 0
[29036] - Worker 8 (pid: 29117) booted, phase: 0
[29036] - Worker 20 (pid: 29165) booted, phase: 0
[29036] - Worker 11 (pid: 29129) booted, phase: 0
[29036] - Worker 14 (pid: 29141) booted, phase: 0
[29036] - Worker 7 (pid: 29113) booted, phase: 0
[29036] - Worker 21 (pid: 29169) booted, phase: 0
[29036] - Worker 18 (pid: 29157) booted, phase: 0
[29036] - Worker 12 (pid: 29132) booted, phase: 0
[29036] - Worker 10 (pid: 29125) booted, phase: 0
[29036] - Worker 4 (pid: 29101) booted, phase: 0
[29036] - Worker 17 (pid: 29153) booted, phase: 0
[29036] - Worker 19 (pid: 29161) booted, phase: 0
[29036] - Worker 23 (pid: 29175) booted, phase: 0
[29036] - Worker 15 (pid: 29144) booted, phase: 0
[29036] - Worker 13 (pid: 29136) booted, phase: 0
[29036] - Worker 9 (pid: 29120) booted, phase: 0
[29036] - Worker 16 (pid: 29149) booted, phase: 0
[29036] - Worker 5 (pid: 29105) booted, phase: 0
[29036] - Worker 6 (pid: 29109) booted, phase: 0
[29036] - Worker 2 (pid: 29092) booted, phase: 0
[29036] - Worker 22 (pid: 29173) booted, phase: 0
[29036] - Worker 0 (pid: 29085) booted, phase: 0
[29036] - Gracefully shutting down workers...
[29036] === puma shutdown: 2016-11-09 00:58:24 +0900 ===
[29036] - Goodbye!
=== puma startup: 2016-11-09 00:58:24 +0900 ===
[29573] * Starting control server on unix:///tmp/puma-status-1478620704451-29573
[29573] - Worker 12 (pid: 29670) booted, phase: 0
[29573] - Worker 3 (pid: 29634) booted, phase: 0
[29573] - Worker 1 (pid: 29625) booted, phase: 0
[29573] - Worker 10 (pid: 29662) booted, phase: 0
[29573] - Worker 0 (pid: 29622) booted, phase: 0
[29573] - Worker 2 (pid: 29630) booted, phase: 0
[29573] - Worker 17 (pid: 29690) booted, phase: 0
[29573] - Worker 11 (pid: 29666) booted, phase: 0
[29573] - Worker 23 (pid: 29711) booted, phase: 0
[29573] - Worker 21 (pid: 29702) booted, phase: 0
[29573] - Worker 16 (pid: 29685) booted, phase: 0
[29573] - Worker 8 (pid: 29653) booted, phase: 0
[29573] - Worker 6 (pid: 29646) booted, phase: 0
[29573] - Worker 4 (pid: 29638) booted, phase: 0
[29573] - Worker 7 (pid: 29648) booted, phase: 0
[29573] - Worker 18 (pid: 29694) booted, phase: 0
[29573] - Worker 5 (pid: 29641) booted, phase: 0
[29573] - Worker 15 (pid: 29681) booted, phase: 0
[29573] - Worker 22 (pid: 29707) booted, phase: 0
[29573] - Worker 20 (pid: 29699) booted, phase: 0
[29573] - Worker 14 (pid: 29678) booted, phase: 0
[29573] - Worker 13 (pid: 29674) booted, phase: 0
[29573] - Worker 9 (pid: 29658) booted, phase: 0
[29573] - Worker 19 (pid: 29697) booted, phase: 0
[29573] - Gracefully shutting down workers...
[29573] === puma shutdown: 2016-11-09 01:00:02 +0900 ===
[29573] - Goodbye!
=== puma startup: 2016-11-09 01:00:03 +0900 ===
[29873] * Starting control server on unix:///tmp/puma-status-1478620803023-29873
[29873] - Worker 8 (pid: 29954) booted, phase: 0
[29873] - Worker 20 (pid: 30002) booted, phase: 0
[29873] - Worker 3 (pid: 29933) booted, phase: 0
[29873] - Worker 0 (pid: 29922) booted, phase: 0
[29873] - Worker 5 (pid: 29942) booted, phase: 0
[29873] - Worker 14 (pid: 29978) booted, phase: 0
[29873] - Worker 4 (pid: 29938) booted, phase: 0
[29873] - Worker 2 (pid: 29930) booted, phase: 0
[29873] - Worker 11 (pid: 29966) booted, phase: 0
[29873] - Worker 10 (pid: 29961) booted, phase: 0
[29873] - Worker 16 (pid: 29985) booted, phase: 0
[29873] - Worker 15 (pid: 29982) booted, phase: 0
[29873] - Worker 12 (pid: 29970) booted, phase: 0
[29873] - Worker 1 (pid: 29926) booted, phase: 0
[29873] - Worker 17 (pid: 29989) booted, phase: 0
[29873] - Worker 18 (pid: 29994) booted, phase: 0
[29873] - Worker 22 (pid: 30010) booted, phase: 0
[29873] - Worker 21 (pid: 30006) booted, phase: 0
[29873] - Worker 6 (pid: 29946) booted, phase: 0
[29873] - Worker 19 (pid: 29997) booted, phase: 0
[29873] - Worker 23 (pid: 30012) booted, phase: 0
[29873] - Worker 9 (pid: 29958) booted, phase: 0
[29873] - Worker 13 (pid: 29974) booted, phase: 0
[29873] - Worker 7 (pid: 29949) booted, phase: 0
[29873] - Gracefully shutting down workers...
[29873] === puma shutdown: 2016-11-09 01:00:55 +0900 ===
[29873] - Goodbye!
=== puma startup: 2016-11-09 01:00:55 +0900 ===
[30175] * Starting control server on unix:///tmp/puma-status-1478620855885-30175
[30175] - Worker 11 (pid: 30268) booted, phase: 0
[30175] - Worker 17 (pid: 30292) booted, phase: 0
[30175] - Worker 16 (pid: 30288) booted, phase: 0
[30175] - Worker 5 (pid: 30243) booted, phase: 0
[30175] - Worker 10 (pid: 30263) booted, phase: 0
[30175] - Worker 12 (pid: 30272) booted, phase: 0
[30175] - Worker 0 (pid: 30224) booted, phase: 0
[30175] - Worker 2 (pid: 30232) booted, phase: 0
[30175] - Worker 13 (pid: 30275) booted, phase: 0
[30175] - Worker 9 (pid: 30260) booted, phase: 0
[30175] - Worker 6 (pid: 30247) booted, phase: 0
[30175] - Worker 4 (pid: 30240) booted, phase: 0
[30175] - Worker 18 (pid: 30294) booted, phase: 0
[30175] - Worker 23 (pid: 30312) booted, phase: 0
[30175] - Worker 8 (pid: 30256) booted, phase: 0
[30175] - Worker 1 (pid: 30228) booted, phase: 0
[30175] - Worker 20 (pid: 30302) booted, phase: 0
[30175] - Worker 15 (pid: 30284) booted, phase: 0
[30175] - Worker 22 (pid: 30308) booted, phase: 0
[30175] - Worker 19 (pid: 30298) booted, phase: 0
[30175] - Worker 3 (pid: 30235) booted, phase: 0
[30175] - Worker 14 (pid: 30280) booted, phase: 0
[30175] - Worker 7 (pid: 30252) booted, phase: 0
[30175] - Worker 21 (pid: 30304) booted, phase: 0
[30175] - Gracefully shutting down workers...
[30175] === puma shutdown: 2016-11-09 01:01:22 +0900 ===
[30175] - Goodbye!
=== puma startup: 2016-11-09 01:01:22 +0900 ===
[30476] * Starting control server on unix:///tmp/puma-status-1478620882969-30476
[30476] - Worker 21 (pid: 30609) booted, phase: 0
[30476] - Worker 5 (pid: 30544) booted, phase: 0
[30476] - Worker 18 (pid: 30595) booted, phase: 0
[30476] - Worker 16 (pid: 30587) booted, phase: 0
[30476] - Worker 0 (pid: 30525) booted, phase: 0
[30476] - Worker 9 (pid: 30560) booted, phase: 0
[30476] - Worker 1 (pid: 30528) booted, phase: 0
[30476] - Worker 2 (pid: 30533) booted, phase: 0
[30476] - Worker 8 (pid: 30557) booted, phase: 0
[30476] - Worker 15 (pid: 30585) booted, phase: 0
[30476] - Worker 7 (pid: 30553) booted, phase: 0
[30476] - Worker 10 (pid: 30565) booted, phase: 0
[30476] - Worker 3 (pid: 30536) booted, phase: 0
[30476] - Worker 4 (pid: 30541) booted, phase: 0
[30476] - Worker 22 (pid: 30613) booted, phase: 0
[30476] - Worker 13 (pid: 30577) booted, phase: 0
[30476] - Worker 20 (pid: 30602) booted, phase: 0
[30476] - Worker 23 (pid: 30617) booted, phase: 0
[30476] - Worker 6 (pid: 30548) booted, phase: 0
[30476] - Worker 17 (pid: 30590) booted, phase: 0
[30476] - Worker 11 (pid: 30569) booted, phase: 0
[30476] - Worker 19 (pid: 30599) booted, phase: 0
[30476] - Worker 12 (pid: 30573) booted, phase: 0
[30476] - Worker 14 (pid: 30580) booted, phase: 0
[30476] - Gracefully shutting down workers...
[30476] === puma shutdown: 2016-11-09 01:06:06 +0900 ===
[30476] - Goodbye!
=== puma startup: 2016-11-09 01:06:06 +0900 ===
[30778] * Starting control server on unix:///tmp/puma-status-1478621166381-30778
[30778] - Worker 9 (pid: 30863) booted, phase: 0
[30778] - Worker 5 (pid: 30847) booted, phase: 0
[30778] - Worker 14 (pid: 30882) booted, phase: 0
[30778] - Worker 4 (pid: 30843) booted, phase: 0
[30778] - Worker 0 (pid: 30827) booted, phase: 0
[30778] - Worker 8 (pid: 30859) booted, phase: 0
[30778] - Worker 1 (pid: 30830) booted, phase: 0
[30778] - Worker 3 (pid: 30839) booted, phase: 0
[30778] - Worker 10 (pid: 30867) booted, phase: 0
[30778] - Worker 7 (pid: 30855) booted, phase: 0
[30778] - Worker 6 (pid: 30850) booted, phase: 0
[30778] - Worker 2 (pid: 30835) booted, phase: 0
[30778] - Worker 16 (pid: 30891) booted, phase: 0
[30778] - Worker 15 (pid: 30886) booted, phase: 0
[30778] - Worker 17 (pid: 30894) booted, phase: 0
[30778] - Worker 12 (pid: 30874) booted, phase: 0
[30778] - Worker 21 (pid: 30911) booted, phase: 0
[30778] - Worker 19 (pid: 30902) booted, phase: 0
[30778] - Worker 13 (pid: 30879) booted, phase: 0
[30778] - Worker 11 (pid: 30870) booted, phase: 0
[30778] - Worker 23 (pid: 30919) booted, phase: 0
[30778] - Worker 22 (pid: 30915) booted, phase: 0
[30778] - Worker 18 (pid: 30899) booted, phase: 0
[30778] - Worker 20 (pid: 30907) booted, phase: 0
[30778] - Gracefully shutting down workers...
[30778] === puma shutdown: 2016-11-09 03:27:38 +0900 ===
[30778] - Goodbye!
=== puma startup: 2016-11-09 03:27:39 +0900 ===
[32628] * Starting control server on unix:///tmp/puma-status-1478629659350-32628
[32628] - Worker 5 (pid: 32697) booted, phase: 0
[32628] - Worker 12 (pid: 32725) booted, phase: 0
[32628] - Worker 17 (pid: 32745) booted, phase: 0
[32628] - Worker 6 (pid: 32701) booted, phase: 0
[32628] - Worker 11 (pid: 32721) booted, phase: 0
[32628] - Worker 9 (pid: 32713) booted, phase: 0
[32628] - Worker 19 (pid: 32751) booted, phase: 0
[32628] - Worker 2 (pid: 32685) booted, phase: 0
[32628] - Worker 20 (pid: 32756) booted, phase: 0
[32628] - Worker 14 (pid: 32731) booted, phase: 0
[32628] - Worker 1 (pid: 32681) booted, phase: 0
[32628] - Worker 10 (pid: 32717) booted, phase: 0
[32628] - Worker 16 (pid: 32741) booted, phase: 0
[32628] - Worker 8 (pid: 32709) booted, phase: 0
[32628] - Worker 18 (pid: 32749) booted, phase: 0
[32628] - Worker 13 (pid: 32727) booted, phase: 0
[32628] - Worker 23 (pid: 32765) booted, phase: 0
[32628] - Worker 4 (pid: 32693) booted, phase: 0
[32628] - Worker 22 (pid: 32763) booted, phase: 0
[32628] - Worker 7 (pid: 32705) booted, phase: 0
[32628] - Worker 21 (pid: 32761) booted, phase: 0
[32628] - Worker 0 (pid: 32677) booted, phase: 0
[32628] - Worker 3 (pid: 32689) booted, phase: 0
[32628] - Worker 15 (pid: 32737) booted, phase: 0
[32628] - Gracefully shutting down workers...
[32628] === puma shutdown: 2016-11-09 03:32:19 +0900 ===
[32628] - Goodbye!
=== puma startup: 2016-11-09 03:32:19 +0900 ===
[633] * Starting control server on unix:///tmp/puma-status-1478629939875-633
[633] - Worker 14 (pid: 751) booted, phase: 0
[633] - Worker 11 (pid: 738) booted, phase: 0
[633] - Worker 4 (pid: 705) booted, phase: 0
[633] - Worker 12 (pid: 743) booted, phase: 0
[633] - Worker 13 (pid: 747) booted, phase: 0
[633] - Worker 1 (pid: 693) booted, phase: 0
[633] - Worker 5 (pid: 710) booted, phase: 0
[633] - Worker 15 (pid: 756) booted, phase: 0
[633] - Worker 9 (pid: 729) booted, phase: 0
[633] - Worker 0 (pid: 685) booted, phase: 0
[633] - Worker 2 (pid: 698) booted, phase: 0
[633] - Worker 3 (pid: 702) booted, phase: 0
[633] - Worker 18 (pid: 769) booted, phase: 0
[633] - Worker 7 (pid: 719) booted, phase: 0
[633] - Worker 20 (pid: 776) booted, phase: 0
[633] - Worker 19 (pid: 773) booted, phase: 0
[633] - Worker 6 (pid: 714) booted, phase: 0
[633] - Worker 8 (pid: 724) booted, phase: 0
[633] - Worker 23 (pid: 789) booted, phase: 0
[633] - Worker 21 (pid: 781) booted, phase: 0
[633] - Worker 17 (pid: 765) booted, phase: 0
[633] - Worker 16 (pid: 761) booted, phase: 0
[633] - Worker 10 (pid: 735) booted, phase: 0
[633] - Worker 22 (pid: 785) booted, phase: 0
[633] - Gracefully shutting down workers...
[633] === puma shutdown: 2016-11-09 03:36:29 +0900 ===
[633] - Goodbye!
=== puma startup: 2016-11-09 03:36:29 +0900 ===
[1195] * Starting control server on unix:///tmp/puma-status-1478630189812-1195
[1195] - Worker 8 (pid: 1283) booted, phase: 0
[1195] - Worker 6 (pid: 1275) booted, phase: 0
[1195] - Worker 3 (pid: 1262) booted, phase: 0
[1195] - Worker 7 (pid: 1279) booted, phase: 0
[1195] - Worker 2 (pid: 1257) booted, phase: 0
[1195] - Worker 16 (pid: 1318) booted, phase: 0
[1195] - Worker 4 (pid: 1266) booted, phase: 0
[1195] - Worker 9 (pid: 1288) booted, phase: 0
[1195] - Worker 12 (pid: 1298) booted, phase: 0
[1195] - Worker 5 (pid: 1269) booted, phase: 0
[1195] - Worker 17 (pid: 1320) booted, phase: 0
[1195] - Worker 15 (pid: 1313) booted, phase: 0
[1195] - Worker 19 (pid: 1332) booted, phase: 0
[1195] - Worker 11 (pid: 1296) booted, phase: 0
[1195] - Worker 1 (pid: 1253) booted, phase: 0
[1195] - Worker 14 (pid: 1308) booted, phase: 0
[1195] - Worker 18 (pid: 1328) booted, phase: 0
[1195] - Worker 13 (pid: 1304) booted, phase: 0
[1195] - Worker 23 (pid: 1349) booted, phase: 0
[1195] - Worker 20 (pid: 1336) booted, phase: 0
[1195] - Worker 10 (pid: 1292) booted, phase: 0
[1195] - Worker 0 (pid: 1249) booted, phase: 0
[1195] - Worker 22 (pid: 1344) booted, phase: 0
[1195] - Worker 21 (pid: 1341) booted, phase: 0
[1195] - Gracefully shutting down workers...
[1195] === puma shutdown: 2016-11-09 03:38:31 +0900 ===
[1195] - Goodbye!
=== puma startup: 2016-11-09 03:38:31 +0900 ===
[1581] * Starting control server on unix:///tmp/puma-status-1478630311600-1581
[1581] - Worker 11 (pid: 1677) booted, phase: 0
[1581] - Worker 0 (pid: 1633) booted, phase: 0
[1581] - Worker 1 (pid: 1636) booted, phase: 0
[1581] - Worker 5 (pid: 1653) booted, phase: 0
[1581] - Worker 2 (pid: 1641) booted, phase: 0
[1581] - Worker 3 (pid: 1644) booted, phase: 0
[1581] - Worker 4 (pid: 1649) booted, phase: 0
[1581] - Worker 7 (pid: 1661) booted, phase: 0
[1581] - Worker 14 (pid: 1687) booted, phase: 0
[1581] - Worker 8 (pid: 1665) booted, phase: 0
[1581] - Worker 17 (pid: 1700) booted, phase: 0
[1581] - Worker 10 (pid: 1673) booted, phase: 0
[1581] - Worker 12 (pid: 1681) booted, phase: 0
[1581] - Worker 18 (pid: 1705) booted, phase: 0
[1581] - Worker 15 (pid: 1690) booted, phase: 0
[1581] - Worker 6 (pid: 1657) booted, phase: 0
[1581] - Worker 13 (pid: 1685) booted, phase: 0
[1581] - Worker 9 (pid: 1669) booted, phase: 0
[1581] - Worker 21 (pid: 1715) booted, phase: 0
[1581] - Worker 22 (pid: 1721) booted, phase: 0
[1581] - Worker 19 (pid: 1709) booted, phase: 0
[1581] - Worker 23 (pid: 1725) booted, phase: 0
[1581] - Worker 20 (pid: 1711) booted, phase: 0
[1581] - Worker 16 (pid: 1697) booted, phase: 0
[1581] - Gracefully shutting down workers...
[1581] === puma shutdown: 2016-11-13 23:48:12 +0900 ===
[1581] - Goodbye!
=== puma startup: 2016-11-13 23:48:12 +0900 ===
[5993] * Starting control server on unix:///tmp/puma-status-1479048492456-5993
[5993] - Worker 4 (pid: 6057) booted, phase: 0
[5993] - Worker 17 (pid: 6110) booted, phase: 0
[5993] - Worker 20 (pid: 6122) booted, phase: 0
[5993] - Worker 7 (pid: 6070) booted, phase: 0
[5993] - Worker 1 (pid: 6046) booted, phase: 0
[5993] - Worker 13 (pid: 6094) booted, phase: 0
[5993] - Worker 18 (pid: 6114) booted, phase: 0
[5993] - Worker 12 (pid: 6090) booted, phase: 0
[5993] - Worker 11 (pid: 6086) booted, phase: 0
[5993] - Worker 6 (pid: 6065) booted, phase: 0
[5993] - Worker 9 (pid: 6078) booted, phase: 0
[5993] - Worker 10 (pid: 6081) booted, phase: 0
[5993] - Worker 2 (pid: 6050) booted, phase: 0
[5993] - Worker 16 (pid: 6105) booted, phase: 0
[5993] - Worker 8 (pid: 6074) booted, phase: 0
[5993] - Worker 5 (pid: 6062) booted, phase: 0
[5993] - Worker 3 (pid: 6054) booted, phase: 0
[5993] - Worker 15 (pid: 6101) booted, phase: 0
[5993] - Worker 21 (pid: 6126) booted, phase: 0
[5993] - Worker 22 (pid: 6130) booted, phase: 0
[5993] - Worker 14 (pid: 6098) booted, phase: 0
[5993] - Worker 23 (pid: 6134) booted, phase: 0
[5993] - Worker 0 (pid: 6042) booted, phase: 0
[5993] - Worker 19 (pid: 6118) booted, phase: 0
[5993] - Gracefully shutting down workers...
[5993] === puma shutdown: 2016-11-14 00:09:40 +0900 ===
[5993] - Goodbye!
=== puma startup: 2016-11-14 00:09:40 +0900 ===
[6589] * Starting control server on unix:///tmp/puma-status-1479049780466-6589
[6589] - Worker 4 (pid: 6654) booted, phase: 0
[6589] - Worker 5 (pid: 6657) booted, phase: 0
[6589] - Worker 14 (pid: 6694) booted, phase: 0
[6589] - Worker 0 (pid: 6638) booted, phase: 0
[6589] - Worker 8 (pid: 6669) booted, phase: 0
[6589] - Worker 1 (pid: 6641) booted, phase: 0
[6589] - Worker 6 (pid: 6662) booted, phase: 0
[6589] - Worker 9 (pid: 6674) booted, phase: 0
[6589] - Worker 3 (pid: 6649) booted, phase: 0
[6589] - Worker 7 (pid: 6665) booted, phase: 0
[6589] - Worker 2 (pid: 6645) booted, phase: 0
[6589] - Worker 20 (pid: 6718) booted, phase: 0
[6589] - Worker 15 (pid: 6698) booted, phase: 0
[6589] - Worker 19 (pid: 6714) booted, phase: 0
[6589] - Worker 12 (pid: 6686) booted, phase: 0
[6589] - Worker 17 (pid: 6706) booted, phase: 0
[6589] - Worker 16 (pid: 6702) booted, phase: 0
[6589] - Worker 18 (pid: 6710) booted, phase: 0
[6589] - Worker 10 (pid: 6678) booted, phase: 0
[6589] - Worker 22 (pid: 6726) booted, phase: 0
[6589] - Worker 11 (pid: 6682) booted, phase: 0
[6589] - Worker 23 (pid: 6730) booted, phase: 0
[6589] - Worker 13 (pid: 6690) booted, phase: 0
[6589] - Worker 21 (pid: 6722) booted, phase: 0
[6589] - Gracefully shutting down workers...
[6589] === puma shutdown: 2016-11-14 00:10:38 +0900 ===
[6589] - Goodbye!
=== puma startup: 2016-11-14 00:10:38 +0900 ===
[6968] * Starting control server on unix:///tmp/puma-status-1479049838941-6968
[6968] - Worker 9 (pid: 7053) booted, phase: 0
[6968] - Worker 4 (pid: 7033) booted, phase: 0
[6968] - Worker 2 (pid: 7025) booted, phase: 0
[6968] - Worker 13 (pid: 7067) booted, phase: 0
[6968] - Worker 18 (pid: 7089) booted, phase: 0
[6968] - Worker 12 (pid: 7065) booted, phase: 0
[6968] - Worker 5 (pid: 7036) booted, phase: 0
[6968] - Worker 6 (pid: 7041) booted, phase: 0
[6968] - Worker 1 (pid: 7021) booted, phase: 0
[6968] - Worker 8 (pid: 7048) booted, phase: 0
[6968] - Worker 3 (pid: 7028) booted, phase: 0
[6968] - Worker 17 (pid: 7085) booted, phase: 0
[6968] - Worker 16 (pid: 7080) booted, phase: 0
[6968] - Worker 22 (pid: 7105) booted, phase: 0
[6968] - Worker 15 (pid: 7076) booted, phase: 0
[6968] - Worker 20 (pid: 7097) booted, phase: 0
[6968] - Worker 23 (pid: 7107) booted, phase: 0
[6968] - Worker 10 (pid: 7057) booted, phase: 0
[6968] - Worker 11 (pid: 7061) booted, phase: 0
[6968] - Worker 19 (pid: 7093) booted, phase: 0
[6968] - Worker 21 (pid: 7099) booted, phase: 0
[6968] - Worker 14 (pid: 7071) booted, phase: 0
[6968] - Worker 7 (pid: 7045) booted, phase: 0
[6968] - Worker 0 (pid: 7017) booted, phase: 0
[6968] - Gracefully shutting down workers...
[6968] === puma shutdown: 2016-11-14 00:13:23 +0900 ===
[6968] - Goodbye!
=== puma startup: 2016-11-14 00:13:23 +0900 ===
[7461] * Starting control server on unix:///tmp/puma-status-1479050003996-7461
[7461] - Worker 0 (pid: 7510) booted, phase: 0
[7461] - Worker 3 (pid: 7522) booted, phase: 0
[7461] - Worker 7 (pid: 7538) booted, phase: 0
[7461] - Worker 4 (pid: 7526) booted, phase: 0
[7461] - Worker 6 (pid: 7534) booted, phase: 0
[7461] - Worker 2 (pid: 7518) booted, phase: 0
[7461] - Worker 1 (pid: 7514) booted, phase: 0
[7461] - Worker 5 (pid: 7530) booted, phase: 0
[7461] - Worker 9 (pid: 7546) booted, phase: 0
[7461] - Worker 21 (pid: 7594) booted, phase: 0
[7461] - Worker 17 (pid: 7578) booted, phase: 0
[7461] - Worker 8 (pid: 7541) booted, phase: 0
[7461] - Worker 14 (pid: 7566) booted, phase: 0
[7461] - Worker 19 (pid: 7586) booted, phase: 0
[7461] - Worker 12 (pid: 7558) booted, phase: 0
[7461] - Worker 11 (pid: 7554) booted, phase: 0
[7461] - Worker 15 (pid: 7570) booted, phase: 0
[7461] - Worker 18 (pid: 7582) booted, phase: 0
[7461] - Worker 20 (pid: 7590) booted, phase: 0
[7461] - Worker 16 (pid: 7574) booted, phase: 0
[7461] - Worker 23 (pid: 7600) booted, phase: 0
[7461] - Worker 10 (pid: 7550) booted, phase: 0
[7461] - Worker 22 (pid: 7596) booted, phase: 0
[7461] - Worker 13 (pid: 7562) booted, phase: 0
[7461] - Gracefully shutting down workers...
[7461] === puma shutdown: 2016-11-14 00:15:22 +0900 ===
[7461] - Goodbye!
=== puma startup: 2016-11-14 00:15:23 +0900 ===
[7838] * Starting control server on unix:///tmp/puma-status-1479050123216-7838
[7838] - Worker 1 (pid: 7891) booted, phase: 0
[7838] - Worker 2 (pid: 7895) booted, phase: 0
[7838] - Worker 13 (pid: 7938) booted, phase: 0
[7838] - Worker 15 (pid: 7947) booted, phase: 0
[7838] - Worker 8 (pid: 7919) booted, phase: 0
[7838] - Worker 9 (pid: 7923) booted, phase: 0
[7838] - Worker 21 (pid: 7971) booted, phase: 0
[7838] - Worker 22 (pid: 7973) booted, phase: 0
[7838] - Worker 4 (pid: 7903) booted, phase: 0
[7838] - Worker 16 (pid: 7950) booted, phase: 0
[7838] - Worker 5 (pid: 7907) booted, phase: 0
[7838] - Worker 17 (pid: 7955) booted, phase: 0
[7838] - Worker 18 (pid: 7959) booted, phase: 0
[7838] - Worker 12 (pid: 7935) booted, phase: 0
[7838] - Worker 19 (pid: 7963) booted, phase: 0
[7838] - Worker 11 (pid: 7931) booted, phase: 0
[7838] - Worker 14 (pid: 7942) booted, phase: 0
[7838] - Worker 20 (pid: 7967) booted, phase: 0
[7838] - Worker 23 (pid: 7979) booted, phase: 0
[7838] - Worker 6 (pid: 7911) booted, phase: 0
[7838] - Worker 3 (pid: 7899) booted, phase: 0
[7838] - Worker 7 (pid: 7915) booted, phase: 0
[7838] - Worker 0 (pid: 7887) booted, phase: 0
[7838] - Worker 10 (pid: 7927) booted, phase: 0
[7838] - Gracefully shutting down workers...
[7838] === puma shutdown: 2016-11-14 00:15:42 +0900 ===
[7838] - Goodbye!
=== puma startup: 2016-11-14 00:15:43 +0900 ===
[8167] * Starting control server on unix:///tmp/puma-status-1479050143249-8167
[8167] - Worker 7 (pid: 8244) booted, phase: 0
[8167] - Worker 12 (pid: 8262) booted, phase: 0
[8167] - Worker 3 (pid: 8227) booted, phase: 0
[8167] - Worker 6 (pid: 8240) booted, phase: 0
[8167] - Worker 17 (pid: 8282) booted, phase: 0
[8167] - Worker 5 (pid: 8235) booted, phase: 0
[8167] - Worker 1 (pid: 8219) booted, phase: 0
[8167] - Worker 0 (pid: 8216) booted, phase: 0
[8167] - Worker 4 (pid: 8232) booted, phase: 0
[8167] - Worker 19 (pid: 8290) booted, phase: 0
[8167] - Worker 14 (pid: 8271) booted, phase: 0
[8167] - Worker 2 (pid: 8224) booted, phase: 0
[8167] - Worker 8 (pid: 8248) booted, phase: 0
[8167] - Worker 22 (pid: 8300) booted, phase: 0
[8167] - Worker 11 (pid: 8260) booted, phase: 0
[8167] - Worker 21 (pid: 8296) booted, phase: 0
[8167] - Worker 18 (pid: 8286) booted, phase: 0
[8167] - Worker 15 (pid: 8276) booted, phase: 0
[8167] - Worker 20 (pid: 8294) booted, phase: 0
[8167] - Worker 23 (pid: 8302) booted, phase: 0
[8167] - Worker 13 (pid: 8266) booted, phase: 0
[8167] - Worker 10 (pid: 8255) booted, phase: 0
[8167] - Worker 9 (pid: 8251) booted, phase: 0
[8167] - Worker 16 (pid: 8280) booted, phase: 0
[8167] - Gracefully shutting down workers...
[8167] === puma shutdown: 2016-11-14 00:15:47 +0900 ===
[8167] - Goodbye!
=== puma startup: 2016-11-14 00:15:48 +0900 ===
[8468] * Starting control server on unix:///tmp/puma-status-1479050148185-8468
[8468] - Worker 23 (pid: 8609) booted, phase: 0
[8468] - Worker 1 (pid: 8521) booted, phase: 0
[8468] - Worker 10 (pid: 8557) booted, phase: 0
[8468] - Worker 2 (pid: 8525) booted, phase: 0
[8468] - Worker 5 (pid: 8537) booted, phase: 0
[8468] - Worker 14 (pid: 8573) booted, phase: 0
[8468] - Worker 0 (pid: 8517) booted, phase: 0
[8468] - Worker 9 (pid: 8553) booted, phase: 0
[8468] - Worker 12 (pid: 8564) booted, phase: 0
[8468] - Worker 18 (pid: 8589) booted, phase: 0
[8468] - Worker 3 (pid: 8529) booted, phase: 0
[8468] - Worker 22 (pid: 8603) booted, phase: 0
[8468] - Worker 19 (pid: 8593) booted, phase: 0
[8468] - Worker 13 (pid: 8569) booted, phase: 0
[8468] - Worker 11 (pid: 8561) booted, phase: 0
[8468] - Worker 7 (pid: 8544) booted, phase: 0
[8468] - Worker 21 (pid: 8601) booted, phase: 0
[8468] - Worker 20 (pid: 8597) booted, phase: 0
[8468] - Worker 15 (pid: 8577) booted, phase: 0
[8468] - Worker 6 (pid: 8541) booted, phase: 0
[8468] - Worker 8 (pid: 8548) booted, phase: 0
[8468] - Worker 17 (pid: 8584) booted, phase: 0
[8468] - Worker 4 (pid: 8532) booted, phase: 0
[8468] - Worker 16 (pid: 8581) booted, phase: 0
[8468] - Gracefully shutting down workers...
[8468] === puma shutdown: 2016-11-14 00:18:12 +0900 ===
[8468] - Goodbye!
=== puma startup: 2016-11-14 00:18:12 +0900 ===
[9227] * Starting control server on unix:///tmp/puma-status-1479050292923-9227
[9227] - Worker 17 (pid: 9344) booted, phase: 0
[9227] - Worker 10 (pid: 9315) booted, phase: 0
[9227] - Worker 15 (pid: 9336) booted, phase: 0
[9227] - Worker 5 (pid: 9295) booted, phase: 0
[9227] - Worker 3 (pid: 9287) booted, phase: 0
[9227] - Worker 9 (pid: 9310) booted, phase: 0
[9227] - Worker 8 (pid: 9307) booted, phase: 0
[9227] - Worker 0 (pid: 9276) booted, phase: 0
[9227] - Worker 7 (pid: 9304) booted, phase: 0
[9227] - Worker 14 (pid: 9332) booted, phase: 0
[9227] - Worker 6 (pid: 9299) booted, phase: 0
[9227] - Worker 20 (pid: 9356) booted, phase: 0
[9227] - Worker 19 (pid: 9352) booted, phase: 0
[9227] - Worker 2 (pid: 9284) booted, phase: 0
[9227] - Worker 13 (pid: 9328) booted, phase: 0
[9227] - Worker 16 (pid: 9340) booted, phase: 0
[9227] - Worker 1 (pid: 9279) booted, phase: 0
[9227] - Worker 4 (pid: 9291) booted, phase: 0
[9227] - Worker 18 (pid: 9348) booted, phase: 0
[9227] - Worker 11 (pid: 9320) booted, phase: 0
[9227] - Worker 22 (pid: 9362) booted, phase: 0
[9227] - Worker 12 (pid: 9324) booted, phase: 0
[9227] - Worker 23 (pid: 9366) booted, phase: 0
[9227] - Worker 21 (pid: 9360) booted, phase: 0
[9227] - Gracefully shutting down workers...
[9227] === puma shutdown: 2016-11-14 00:21:40 +0900 ===
[9227] - Goodbye!
=== puma startup: 2016-11-14 00:21:40 +0900 ===
[9621] * Starting control server on unix:///tmp/puma-status-1479050500851-9621
[9621] - Worker 15 (pid: 9730) booted, phase: 0
[9621] - Worker 20 (pid: 9750) booted, phase: 0
[9621] - Worker 9 (pid: 9706) booted, phase: 0
[9621] - Worker 5 (pid: 9690) booted, phase: 0
[9621] - Worker 1 (pid: 9674) booted, phase: 0
[9621] - Worker 0 (pid: 9670) booted, phase: 0
[9621] - Worker 13 (pid: 9722) booted, phase: 0
[9621] - Worker 6 (pid: 9693) booted, phase: 0
[9621] - Worker 12 (pid: 9717) booted, phase: 0
[9621] - Worker 7 (pid: 9697) booted, phase: 0
[9621] - Worker 11 (pid: 9714) booted, phase: 0
[9621] - Worker 18 (pid: 9742) booted, phase: 0
[9621] - Worker 17 (pid: 9735) booted, phase: 0
[9621] - Worker 19 (pid: 9746) booted, phase: 0
[9621] - Worker 4 (pid: 9686) booted, phase: 0
[9621] - Worker 23 (pid: 9758) booted, phase: 0
[9621] - Worker 3 (pid: 9681) booted, phase: 0
[9621] - Worker 21 (pid: 9754) booted, phase: 0
[9621] - Worker 14 (pid: 9726) booted, phase: 0
[9621] - Worker 8 (pid: 9701) booted, phase: 0
[9621] - Worker 2 (pid: 9677) booted, phase: 0
[9621] - Worker 10 (pid: 9710) booted, phase: 0
[9621] - Worker 16 (pid: 9732) booted, phase: 0
[9621] - Worker 22 (pid: 9756) booted, phase: 0
[9621] - Gracefully shutting down workers...
[9621] === puma shutdown: 2016-11-14 00:23:29 +0900 ===
[9621] - Goodbye!
=== puma startup: 2016-11-14 00:23:29 +0900 ===
[9995] * Starting control server on unix:///tmp/puma-status-1479050609599-9995
[9995] - Worker 5 (pid: 10064) booted, phase: 0
[9995] - Worker 0 (pid: 10044) booted, phase: 0
[9995] - Worker 2 (pid: 10051) booted, phase: 0
[9995] - Worker 1 (pid: 10047) booted, phase: 0
[9995] - Worker 6 (pid: 10068) booted, phase: 0
[9995] - Worker 4 (pid: 10060) booted, phase: 0
[9995] - Worker 3 (pid: 10056) booted, phase: 0
[9995] - Worker 7 (pid: 10072) booted, phase: 0
[9995] - Worker 11 (pid: 10088) booted, phase: 0
[9995] - Worker 14 (pid: 10099) booted, phase: 0
[9995] - Worker 15 (pid: 10104) booted, phase: 0
[9995] - Worker 12 (pid: 10092) booted, phase: 0
[9995] - Worker 13 (pid: 10096) booted, phase: 0
[9995] - Worker 8 (pid: 10076) booted, phase: 0
[9995] - Worker 17 (pid: 10112) booted, phase: 0
[9995] - Worker 18 (pid: 10116) booted, phase: 0
[9995] - Worker 19 (pid: 10120) booted, phase: 0
[9995] - Worker 20 (pid: 10123) booted, phase: 0
[9995] - Worker 21 (pid: 10128) booted, phase: 0
[9995] - Worker 16 (pid: 10108) booted, phase: 0
[9995] - Worker 23 (pid: 10136) booted, phase: 0
[9995] - Worker 10 (pid: 10084) booted, phase: 0
[9995] - Worker 22 (pid: 10131) booted, phase: 0
[9995] - Worker 9 (pid: 10080) booted, phase: 0
[9995] - Gracefully shutting down workers...
[9995] === puma shutdown: 2016-11-14 00:24:39 +0900 ===
[9995] - Goodbye!
=== puma startup: 2016-11-14 00:24:40 +0900 ===
[10341] * Starting control server on unix:///tmp/puma-status-1479050680297-10341
[10341] - Worker 4 (pid: 10406) booted, phase: 0
[10341] - Worker 21 (pid: 10474) booted, phase: 0
[10341] - Worker 0 (pid: 10390) booted, phase: 0
[10341] - Worker 5 (pid: 10410) booted, phase: 0
[10341] - Worker 12 (pid: 10438) booted, phase: 0
[10341] - Worker 11 (pid: 10434) booted, phase: 0
[10341] - Worker 17 (pid: 10458) booted, phase: 0
[10341] - Worker 8 (pid: 10422) booted, phase: 0
[10341] - Worker 3 (pid: 10402) booted, phase: 0
[10341] - Worker 9 (pid: 10426) booted, phase: 0
[10341] - Worker 19 (pid: 10466) booted, phase: 0
[10341] - Worker 6 (pid: 10414) booted, phase: 0
[10341] - Worker 2 (pid: 10398) booted, phase: 0
[10341] - Worker 20 (pid: 10469) booted, phase: 0
[10341] - Worker 10 (pid: 10430) booted, phase: 0
[10341] - Worker 15 (pid: 10450) booted, phase: 0
[10341] - Worker 16 (pid: 10453) booted, phase: 0
[10341] - Worker 18 (pid: 10461) booted, phase: 0
[10341] - Worker 13 (pid: 10442) booted, phase: 0
[10341] - Worker 14 (pid: 10446) booted, phase: 0
[10341] - Worker 1 (pid: 10394) booted, phase: 0
[10341] - Worker 7 (pid: 10418) booted, phase: 0
[10341] - Worker 22 (pid: 10478) booted, phase: 0
[10341] - Worker 23 (pid: 10482) booted, phase: 0
[10341] - Gracefully shutting down workers...
[10341] === puma shutdown: 2016-11-14 00:26:02 +0900 ===
[10341] - Goodbye!
=== puma startup: 2016-11-14 00:26:02 +0900 ===
[10724] * Starting control server on unix:///tmp/puma-status-1479050762496-10724
[10724] - Worker 0 (pid: 10773) booted, phase: 0
[10724] - Worker 11 (pid: 10817) booted, phase: 0
[10724] - Worker 10 (pid: 10812) booted, phase: 0
[10724] - Worker 12 (pid: 10821) booted, phase: 0
[10724] - Worker 17 (pid: 10841) booted, phase: 0
[10724] - Worker 19 (pid: 10849) booted, phase: 0
[10724] - Worker 5 (pid: 10792) booted, phase: 0
[10724] - Worker 7 (pid: 10801) booted, phase: 0
[10724] - Worker 9 (pid: 10809) booted, phase: 0
[10724] - Worker 3 (pid: 10785) booted, phase: 0
[10724] - Worker 15 (pid: 10833) booted, phase: 0
[10724] - Worker 2 (pid: 10781) booted, phase: 0
[10724] - Worker 23 (pid: 10863) booted, phase: 0
[10724] - Worker 21 (pid: 10855) booted, phase: 0
[10724] - Worker 4 (pid: 10789) booted, phase: 0
[10724] - Worker 8 (pid: 10805) booted, phase: 0
[10724] - Worker 13 (pid: 10825) booted, phase: 0
[10724] - Worker 20 (pid: 10852) booted, phase: 0
[10724] - Worker 22 (pid: 10861) booted, phase: 0
[10724] - Worker 14 (pid: 10829) booted, phase: 0
[10724] - Worker 6 (pid: 10797) booted, phase: 0
[10724] - Worker 18 (pid: 10845) booted, phase: 0
[10724] - Worker 16 (pid: 10837) booted, phase: 0
[10724] - Worker 1 (pid: 10776) booted, phase: 0
[10724] - Gracefully shutting down workers...
[10724] === puma shutdown: 2016-11-14 02:00:25 +0900 ===
[10724] - Goodbye!
=== puma startup: 2016-11-14 02:00:25 +0900 ===
[11857] * Starting control server on unix:///tmp/puma-status-1479056425746-11857
[11857] - Worker 1 (pid: 11909) booted, phase: 0
[11857] - Worker 6 (pid: 11930) booted, phase: 0
[11857] - Worker 14 (pid: 11962) booted, phase: 0
[11857] - Worker 18 (pid: 11976) booted, phase: 0
[11857] - Worker 20 (pid: 11985) booted, phase: 0
[11857] - Worker 10 (pid: 11946) booted, phase: 0
[11857] - Worker 4 (pid: 11922) booted, phase: 0
[11857] - Worker 2 (pid: 11914) booted, phase: 0
[11857] - Worker 17 (pid: 11974) booted, phase: 0
[11857] - Worker 3 (pid: 11918) booted, phase: 0
[11857] - Worker 8 (pid: 11938) booted, phase: 0
[11857] - Worker 11 (pid: 11950) booted, phase: 0
[11857] - Worker 7 (pid: 11934) booted, phase: 0
[11857] - Worker 19 (pid: 11980) booted, phase: 0
[11857] - Worker 12 (pid: 11954) booted, phase: 0
[11857] - Worker 5 (pid: 11925) booted, phase: 0
[11857] - Worker 13 (pid: 11958) booted, phase: 0
[11857] - Worker 9 (pid: 11942) booted, phase: 0
[11857] - Worker 16 (pid: 11970) booted, phase: 0
[11857] - Worker 21 (pid: 11990) booted, phase: 0
[11857] - Worker 0 (pid: 11906) booted, phase: 0
[11857] - Worker 22 (pid: 11994) booted, phase: 0
[11857] - Worker 15 (pid: 11966) booted, phase: 0
[11857] - Worker 23 (pid: 11998) booted, phase: 0
[11857] - Gracefully shutting down workers...
[11857] === puma shutdown: 2016-11-14 02:09:45 +0900 ===
[11857] - Goodbye!
=== puma startup: 2016-11-14 02:09:46 +0900 ===
[12167] * Starting control server on unix:///tmp/puma-status-1479056986262-12167
[12167] - Worker 9 (pid: 12252) booted, phase: 0
[12167] - Worker 0 (pid: 12216) booted, phase: 0
[12167] - Worker 10 (pid: 12256) booted, phase: 0
[12167] - Worker 16 (pid: 12280) booted, phase: 0
[12167] - Worker 13 (pid: 12268) booted, phase: 0
[12167] - Worker 5 (pid: 12236) booted, phase: 0
[12167] - Worker 19 (pid: 12292) booted, phase: 0
[12167] - Worker 2 (pid: 12224) booted, phase: 0
[12167] - Worker 3 (pid: 12228) booted, phase: 0
[12167] - Worker 18 (pid: 12288) booted, phase: 0
[12167] - Worker 11 (pid: 12260) booted, phase: 0
[12167] - Worker 7 (pid: 12243) booted, phase: 0
[12167] - Worker 20 (pid: 12296) booted, phase: 0
[12167] - Worker 12 (pid: 12264) booted, phase: 0
[12167] - Worker 15 (pid: 12275) booted, phase: 0
[12167] - Worker 21 (pid: 12300) booted, phase: 0
[12167] - Worker 17 (pid: 12283) booted, phase: 0
[12167] - Worker 23 (pid: 12306) booted, phase: 0
[12167] - Worker 4 (pid: 12232) booted, phase: 0
[12167] - Worker 1 (pid: 12220) booted, phase: 0
[12167] - Worker 14 (pid: 12271) booted, phase: 0
[12167] - Worker 6 (pid: 12240) booted, phase: 0
[12167] - Worker 22 (pid: 12302) booted, phase: 0
[12167] - Worker 8 (pid: 12248) booted, phase: 0
[12167] - Gracefully shutting down workers...
[12167] === puma shutdown: 2016-11-14 02:12:07 +0900 ===
[12167] - Goodbye!
=== puma startup: 2016-11-14 02:12:07 +0900 ===
[12468] * Starting control server on unix:///tmp/puma-status-1479057127449-12468
[12468] - Worker 5 (pid: 12537) booted, phase: 0
[12468] - Worker 10 (pid: 12557) booted, phase: 0
[12468] - Worker 7 (pid: 12545) booted, phase: 0
[12468] - Worker 8 (pid: 12549) booted, phase: 0
[12468] - Worker 12 (pid: 12565) booted, phase: 0
[12468] - Worker 2 (pid: 12525) booted, phase: 0
[12468] - Worker 9 (pid: 12553) booted, phase: 0
[12468] - Worker 17 (pid: 12581) booted, phase: 0
[12468] - Worker 0 (pid: 12517) booted, phase: 0
[12468] - Worker 11 (pid: 12561) booted, phase: 0
[12468] - Worker 19 (pid: 12592) booted, phase: 0
[12468] - Worker 22 (pid: 12603) booted, phase: 0
[12468] - Worker 14 (pid: 12573) booted, phase: 0
[12468] - Worker 15 (pid: 12577) booted, phase: 0
[12468] - Worker 4 (pid: 12533) booted, phase: 0
[12468] - Worker 1 (pid: 12520) booted, phase: 0
[12468] - Worker 3 (pid: 12528) booted, phase: 0
[12468] - Worker 13 (pid: 12568) booted, phase: 0
[12468] - Worker 21 (pid: 12601) booted, phase: 0
[12468] - Worker 16 (pid: 12579) booted, phase: 0
[12468] - Worker 6 (pid: 12541) booted, phase: 0
[12468] - Worker 18 (pid: 12586) booted, phase: 0
[12468] - Worker 20 (pid: 12596) booted, phase: 0
[12468] - Worker 23 (pid: 12607) booted, phase: 0
[12468] - Gracefully shutting down workers...
[12468] === puma shutdown: 2016-11-14 02:14:06 +0900 ===
[12468] - Goodbye!
=== puma startup: 2016-11-14 02:14:06 +0900 ===
[12771] * Starting control server on unix:///tmp/puma-status-1479057246777-12771
[12771] - Worker 11 (pid: 12864) booted, phase: 0
[12771] - Worker 8 (pid: 12852) booted, phase: 0
[12771] - Worker 9 (pid: 12855) booted, phase: 0
[12771] - Worker 15 (pid: 12880) booted, phase: 0
[12771] - Worker 0 (pid: 12820) booted, phase: 0
[12771] - Worker 3 (pid: 12832) booted, phase: 0
[12771] - Worker 10 (pid: 12860) booted, phase: 0
[12771] - Worker 17 (pid: 12888) booted, phase: 0
[12771] - Worker 13 (pid: 12872) booted, phase: 0
[12771] - Worker 20 (pid: 12900) booted, phase: 0
[12771] - Worker 2 (pid: 12828) booted, phase: 0
[12771] - Worker 7 (pid: 12848) booted, phase: 0
[12771] - Worker 6 (pid: 12844) booted, phase: 0
[12771] - Worker 16 (pid: 12884) booted, phase: 0
[12771] - Worker 21 (pid: 12904) booted, phase: 0
[12771] - Worker 5 (pid: 12840) booted, phase: 0
[12771] - Worker 12 (pid: 12868) booted, phase: 0
[12771] - Worker 18 (pid: 12892) booted, phase: 0
[12771] - Worker 22 (pid: 12908) booted, phase: 0
[12771] - Worker 14 (pid: 12876) booted, phase: 0
[12771] - Worker 19 (pid: 12896) booted, phase: 0
[12771] - Worker 4 (pid: 12835) booted, phase: 0
[12771] - Worker 1 (pid: 12823) booted, phase: 0
[12771] - Worker 23 (pid: 12912) booted, phase: 0
[12771] - Gracefully shutting down workers...
[12771] === puma shutdown: 2016-11-14 02:15:22 +0900 ===
[12771] - Goodbye!
=== puma startup: 2016-11-14 02:15:22 +0900 ===
[13071] * Starting control server on unix:///tmp/puma-status-1479057322855-13071
[13071] - Worker 11 (pid: 13164) booted, phase: 0
[13071] - Worker 1 (pid: 13123) booted, phase: 0
[13071] - Worker 5 (pid: 13140) booted, phase: 0
[13071] - Worker 7 (pid: 13148) booted, phase: 0
[13071] - Worker 2 (pid: 13128) booted, phase: 0
[13071] - Worker 0 (pid: 13120) booted, phase: 0
[13071] - Worker 6 (pid: 13143) booted, phase: 0
[13071] - Worker 19 (pid: 13196) booted, phase: 0
[13071] - Worker 9 (pid: 13155) booted, phase: 0
[13071] - Worker 13 (pid: 13170) booted, phase: 0
[13071] - Worker 18 (pid: 13192) booted, phase: 0
[13071] - Worker 15 (pid: 13180) booted, phase: 0
[13071] - Worker 16 (pid: 13184) booted, phase: 0
[13071] - Worker 10 (pid: 13159) booted, phase: 0
[13071] - Worker 8 (pid: 13151) booted, phase: 0
[13071] - Worker 20 (pid: 13200) booted, phase: 0
[13071] - Worker 23 (pid: 13211) booted, phase: 0
[13071] - Worker 17 (pid: 13188) booted, phase: 0
[13071] - Worker 21 (pid: 13203) booted, phase: 0
[13071] - Worker 22 (pid: 13207) booted, phase: 0
[13071] - Worker 14 (pid: 13174) booted, phase: 0
[13071] - Worker 3 (pid: 13132) booted, phase: 0
[13071] - Worker 4 (pid: 13136) booted, phase: 0
[13071] - Worker 12 (pid: 13168) booted, phase: 0
[13071] - Gracefully shutting down workers...
[13071] === puma shutdown: 2016-11-14 02:24:54 +0900 ===
[13071] - Goodbye!
=== puma startup: 2016-11-14 02:24:54 +0900 ===
[13378] * Starting control server on unix:///tmp/puma-status-1479057894756-13378
[13378] - Worker 11 (pid: 13470) booted, phase: 0
[13378] - Worker 1 (pid: 13430) booted, phase: 0
[13378] - Worker 2 (pid: 13434) booted, phase: 0
[13378] - Worker 0 (pid: 13427) booted, phase: 0
[13378] - Worker 10 (pid: 13467) booted, phase: 0
[13378] - Worker 5 (pid: 13447) booted, phase: 0
[13378] - Worker 15 (pid: 13487) booted, phase: 0
[13378] - Worker 8 (pid: 13459) booted, phase: 0
[13378] - Worker 7 (pid: 13455) booted, phase: 0
[13378] - Worker 3 (pid: 13439) booted, phase: 0
[13378] - Worker 19 (pid: 13503) booted, phase: 0
[13378] - Worker 6 (pid: 13450) booted, phase: 0
[13378] - Worker 4 (pid: 13443) booted, phase: 0
[13378] - Worker 12 (pid: 13475) booted, phase: 0
[13378] - Worker 13 (pid: 13479) booted, phase: 0
[13378] - Worker 18 (pid: 13499) booted, phase: 0
[13378] - Worker 17 (pid: 13495) booted, phase: 0
[13378] - Worker 16 (pid: 13491) booted, phase: 0
[13378] - Worker 20 (pid: 13507) booted, phase: 0
[13378] - Worker 14 (pid: 13483) booted, phase: 0
[13378] - Worker 23 (pid: 13517) booted, phase: 0
[13378] - Worker 21 (pid: 13511) booted, phase: 0
[13378] - Worker 9 (pid: 13463) booted, phase: 0
[13378] - Worker 22 (pid: 13515) booted, phase: 0
[13378] - Gracefully shutting down workers...
[13378] === puma shutdown: 2016-11-14 02:25:39 +0900 ===
[13378] - Goodbye!
=== puma startup: 2016-11-14 02:25:40 +0900 ===
[13679] * Starting control server on unix:///tmp/puma-status-1479057940302-13679
[13679] - Worker 4 (pid: 13744) booted, phase: 0
[13679] - Worker 11 (pid: 13771) booted, phase: 0
[13679] - Worker 14 (pid: 13784) booted, phase: 0
[13679] - Worker 3 (pid: 13740) booted, phase: 0
[13679] - Worker 6 (pid: 13752) booted, phase: 0
[13679] - Worker 2 (pid: 13736) booted, phase: 0
[13679] - Worker 8 (pid: 13759) booted, phase: 0
[13679] - Worker 0 (pid: 13728) booted, phase: 0
[13679] - Worker 18 (pid: 13800) booted, phase: 0
[13679] - Worker 21 (pid: 13811) booted, phase: 0
[13679] - Worker 10 (pid: 13768) booted, phase: 0
[13679] - Worker 5 (pid: 13748) booted, phase: 0
[13679] - Worker 23 (pid: 13817) booted, phase: 0
[13679] - Worker 15 (pid: 13788) booted, phase: 0
[13679] - Worker 7 (pid: 13756) booted, phase: 0
[13679] - Worker 16 (pid: 13792) booted, phase: 0
[13679] - Worker 20 (pid: 13807) booted, phase: 0
[13679] - Worker 17 (pid: 13796) booted, phase: 0
[13679] - Worker 22 (pid: 13815) booted, phase: 0
[13679] - Worker 19 (pid: 13802) booted, phase: 0
[13679] - Worker 13 (pid: 13779) booted, phase: 0
[13679] - Worker 12 (pid: 13776) booted, phase: 0
[13679] - Worker 9 (pid: 13764) booted, phase: 0
[13679] - Worker 1 (pid: 13732) booted, phase: 0
[13679] - Gracefully shutting down workers...
[13679] === puma shutdown: 2016-11-14 02:51:56 +0900 ===
[13679] - Goodbye!
=== puma startup: 2016-11-14 02:51:56 +0900 ===
[14007] * Starting control server on unix:///tmp/puma-status-1479059516445-14007
[14007] - Worker 17 (pid: 14121) booted, phase: 0
[14007] - Worker 8 (pid: 14087) booted, phase: 0
[14007] - Worker 0 (pid: 14056) booted, phase: 0
[14007] - Worker 6 (pid: 14080) booted, phase: 0
[14007] - Worker 10 (pid: 14095) booted, phase: 0
[14007] - Worker 16 (pid: 14118) booted, phase: 0
[14007] - Worker 11 (pid: 14100) booted, phase: 0
[14007] - Worker 14 (pid: 14112) booted, phase: 0
[14007] - Worker 7 (pid: 14084) booted, phase: 0
[14007] - Worker 18 (pid: 14125) booted, phase: 0
[14007] - Worker 4 (pid: 14071) booted, phase: 0
[14007] - Worker 5 (pid: 14076) booted, phase: 0
[14007] - Worker 19 (pid: 14131) booted, phase: 0
[14007] - Worker 15 (pid: 14116) booted, phase: 0
[14007] - Worker 3 (pid: 14068) booted, phase: 0
[14007] - Worker 22 (pid: 14144) booted, phase: 0
[14007] - Worker 23 (pid: 14148) booted, phase: 0
[14007] - Worker 20 (pid: 14134) booted, phase: 0
[14007] - Worker 2 (pid: 14063) booted, phase: 0
[14007] - Worker 9 (pid: 14092) booted, phase: 0
[14007] - Worker 12 (pid: 14103) booted, phase: 0
[14007] - Worker 1 (pid: 14059) booted, phase: 0
[14007] - Worker 13 (pid: 14107) booted, phase: 0
[14007] - Worker 21 (pid: 14140) booted, phase: 0
[14007] - Gracefully shutting down workers...
[14007] === puma shutdown: 2016-11-14 02:57:22 +0900 ===
[14007] - Goodbye!
=== puma startup: 2016-11-14 02:57:22 +0900 ===
[14308] * Starting control server on unix:///tmp/puma-status-1479059842409-14308
[14308] - Worker 0 (pid: 14357) booted, phase: 0
[14308] - Worker 3 (pid: 14368) booted, phase: 0
[14308] - Worker 8 (pid: 14389) booted, phase: 0
[14308] - Worker 2 (pid: 14364) booted, phase: 0
[14308] - Worker 1 (pid: 14360) booted, phase: 0
[14308] - Worker 7 (pid: 14384) booted, phase: 0
[14308] - Worker 5 (pid: 14376) booted, phase: 0
[14308] - Worker 4 (pid: 14372) booted, phase: 0
[14308] - Worker 6 (pid: 14381) booted, phase: 0
[14308] - Worker 15 (pid: 14417) booted, phase: 0
[14308] - Worker 9 (pid: 14393) booted, phase: 0
[14308] - Worker 20 (pid: 14437) booted, phase: 0
[14308] - Worker 16 (pid: 14419) booted, phase: 0
[14308] - Worker 11 (pid: 14401) booted, phase: 0
[14308] - Worker 12 (pid: 14405) booted, phase: 0
[14308] - Worker 23 (pid: 14447) booted, phase: 0
[14308] - Worker 18 (pid: 14429) booted, phase: 0
[14308] - Worker 17 (pid: 14423) booted, phase: 0
[14308] - Worker 10 (pid: 14397) booted, phase: 0
[14308] - Worker 21 (pid: 14441) booted, phase: 0
[14308] - Worker 14 (pid: 14413) booted, phase: 0
[14308] - Worker 22 (pid: 14443) booted, phase: 0
[14308] - Worker 13 (pid: 14408) booted, phase: 0
[14308] - Worker 19 (pid: 14433) booted, phase: 0
[14308] - Gracefully shutting down workers...
[14308] === puma shutdown: 2016-11-14 02:58:13 +0900 ===
[14308] - Goodbye!
=== puma startup: 2016-11-14 02:58:14 +0900 ===
[14608] * Starting control server on unix:///tmp/puma-status-1479059894021-14608
[14608] - Worker 2 (pid: 14664) booted, phase: 0
[14608] - Worker 6 (pid: 14680) booted, phase: 0
[14608] - Worker 3 (pid: 14668) booted, phase: 0
[14608] - Worker 1 (pid: 14660) booted, phase: 0
[14608] - Worker 5 (pid: 14676) booted, phase: 0
[14608] - Worker 18 (pid: 14729) booted, phase: 0
[14608] - Worker 17 (pid: 14725) booted, phase: 0
[14608] - Worker 9 (pid: 14693) booted, phase: 0
[14608] - Worker 20 (pid: 14737) booted, phase: 0
[14608] - Worker 8 (pid: 14689) booted, phase: 0
[14608] - Worker 12 (pid: 14705) booted, phase: 0
[14608] - Worker 4 (pid: 14672) booted, phase: 0
[14608] - Worker 7 (pid: 14684) booted, phase: 0
[14608] - Worker 10 (pid: 14697) booted, phase: 0
[14608] - Worker 15 (pid: 14715) booted, phase: 0
[14608] - Worker 0 (pid: 14657) booted, phase: 0
[14608] - Worker 11 (pid: 14701) booted, phase: 0
[14608] - Worker 16 (pid: 14721) booted, phase: 0
[14608] - Worker 22 (pid: 14743) booted, phase: 0
[14608] - Worker 19 (pid: 14733) booted, phase: 0
[14608] - Worker 14 (pid: 14713) booted, phase: 0
[14608] - Worker 13 (pid: 14708) booted, phase: 0
[14608] - Worker 21 (pid: 14741) booted, phase: 0
[14608] - Worker 23 (pid: 14745) booted, phase: 0
[14608] - Gracefully shutting down workers...
[14608] === puma shutdown: 2016-11-14 03:01:13 +0900 ===
[14608] - Goodbye!
=== puma startup: 2016-11-14 03:01:13 +0900 ===
[14909] * Starting control server on unix:///tmp/puma-status-1479060073348-14909
[14909] - Worker 1 (pid: 14961) booted, phase: 0
[14909] - Worker 16 (pid: 15022) booted, phase: 0
[14909] - Worker 6 (pid: 14982) booted, phase: 0
[14909] - Worker 14 (pid: 15014) booted, phase: 0
[14909] - Worker 5 (pid: 14978) booted, phase: 0
[14909] - Worker 7 (pid: 14986) booted, phase: 0
[14909] - Worker 4 (pid: 14974) booted, phase: 0
[14909] - Worker 8 (pid: 14990) booted, phase: 0
[14909] - Worker 13 (pid: 15010) booted, phase: 0
[14909] - Worker 20 (pid: 15037) booted, phase: 0
[14909] - Worker 18 (pid: 15030) booted, phase: 0
[14909] - Worker 0 (pid: 14958) booted, phase: 0
[14909] - Worker 3 (pid: 14969) booted, phase: 0
[14909] - Worker 21 (pid: 15042) booted, phase: 0
[14909] - Worker 11 (pid: 15002) booted, phase: 0
[14909] - Worker 17 (pid: 15026) booted, phase: 0
[14909] - Worker 15 (pid: 15018) booted, phase: 0
[14909] - Worker 9 (pid: 14994) booted, phase: 0
[14909] - Worker 23 (pid: 15048) booted, phase: 0
[14909] - Worker 10 (pid: 14998) booted, phase: 0
[14909] - Worker 2 (pid: 14966) booted, phase: 0
[14909] - Worker 22 (pid: 15046) booted, phase: 0
[14909] - Worker 12 (pid: 15006) booted, phase: 0
[14909] - Worker 19 (pid: 15034) booted, phase: 0
[14909] - Gracefully shutting down workers...
[14909] === puma shutdown: 2016-11-14 03:03:26 +0900 ===
[14909] - Goodbye!
=== puma startup: 2016-11-14 03:03:26 +0900 ===
[15210] * Starting control server on unix:///tmp/puma-status-1479060206958-15210
[15210] - Worker 8 (pid: 15290) booted, phase: 0
[15210] - Worker 15 (pid: 15317) booted, phase: 0
[15210] - Worker 7 (pid: 15286) booted, phase: 0
[15210] - Worker 5 (pid: 15279) booted, phase: 0
[15210] - Worker 16 (pid: 15323) booted, phase: 0
[15210] - Worker 1 (pid: 15262) booted, phase: 0
[15210] - Worker 23 (pid: 15351) booted, phase: 0
[15210] - Worker 20 (pid: 15339) booted, phase: 0
[15210] - Worker 6 (pid: 15283) booted, phase: 0
[15210] - Worker 4 (pid: 15274) booted, phase: 0
[15210] - Worker 3 (pid: 15270) booted, phase: 0
[15210] - Worker 2 (pid: 15267) booted, phase: 0
[15210] - Worker 11 (pid: 15303) booted, phase: 0
[15210] - Worker 13 (pid: 15310) booted, phase: 0
[15210] - Worker 18 (pid: 15331) booted, phase: 0
[15210] - Worker 19 (pid: 15335) booted, phase: 0
[15210] - Worker 10 (pid: 15298) booted, phase: 0
[15210] - Worker 22 (pid: 15345) booted, phase: 0
[15210] - Worker 9 (pid: 15294) booted, phase: 0
[15210] - Worker 17 (pid: 15326) booted, phase: 0
[15210] - Worker 14 (pid: 15313) booted, phase: 0
[15210] - Worker 12 (pid: 15307) booted, phase: 0
[15210] - Worker 21 (pid: 15343) booted, phase: 0
[15210] - Worker 0 (pid: 15259) booted, phase: 0
[15210] - Gracefully shutting down workers...
[15210] === puma shutdown: 2016-11-14 03:07:20 +0900 ===
[15210] - Goodbye!
=== puma startup: 2016-11-14 03:07:20 +0900 ===
[15510] * Starting control server on unix:///tmp/puma-status-1479060440697-15510
[15510] - Worker 3 (pid: 15571) booted, phase: 0
[15510] - Worker 17 (pid: 15625) booted, phase: 0
[15510] - Worker 11 (pid: 15603) booted, phase: 0
[15510] - Worker 9 (pid: 15594) booted, phase: 0
[15510] - Worker 1 (pid: 15562) booted, phase: 0
[15510] - Worker 12 (pid: 15607) booted, phase: 0
[15510] - Worker 14 (pid: 15615) booted, phase: 0
[15510] - Worker 19 (pid: 15633) booted, phase: 0
[15510] - Worker 20 (pid: 15637) booted, phase: 0
[15510] - Worker 10 (pid: 15599) booted, phase: 0
[15510] - Worker 13 (pid: 15611) booted, phase: 0
[15510] - Worker 0 (pid: 15559) booted, phase: 0
[15510] - Worker 4 (pid: 15575) booted, phase: 0
[15510] - Worker 16 (pid: 15623) booted, phase: 0
[15510] - Worker 8 (pid: 15591) booted, phase: 0
[15510] - Worker 6 (pid: 15582) booted, phase: 0
[15510] - Worker 22 (pid: 15647) booted, phase: 0
[15510] - Worker 2 (pid: 15567) booted, phase: 0
[15510] - Worker 23 (pid: 15651) booted, phase: 0
[15510] - Worker 15 (pid: 15619) booted, phase: 0
[15510] - Worker 21 (pid: 15643) booted, phase: 0
[15510] - Worker 5 (pid: 15579) booted, phase: 0
[15510] - Worker 18 (pid: 15629) booted, phase: 0
[15510] - Worker 7 (pid: 15587) booted, phase: 0
[15510] - Gracefully shutting down workers...
[15510] === puma shutdown: 2016-11-14 03:09:36 +0900 ===
[15510] - Goodbye!
=== puma startup: 2016-11-14 03:09:36 +0900 ===
[15810] * Starting control server on unix:///tmp/puma-status-1479060576489-15810
[15810] - Worker 13 (pid: 15911) booted, phase: 0
[15810] - Worker 2 (pid: 15867) booted, phase: 0
[15810] - Worker 6 (pid: 15883) booted, phase: 0
[15810] - Worker 21 (pid: 15943) booted, phase: 0
[15810] - Worker 9 (pid: 15895) booted, phase: 0
[15810] - Worker 8 (pid: 15891) booted, phase: 0
[15810] - Worker 5 (pid: 15879) booted, phase: 0
[15810] - Worker 17 (pid: 15927) booted, phase: 0
[15810] - Worker 23 (pid: 15949) booted, phase: 0
[15810] - Worker 4 (pid: 15875) booted, phase: 0
[15810] - Worker 15 (pid: 15919) booted, phase: 0
[15810] - Worker 16 (pid: 15923) booted, phase: 0
[15810] - Worker 19 (pid: 15935) booted, phase: 0
[15810] - Worker 12 (pid: 15907) booted, phase: 0
[15810] - Worker 18 (pid: 15931) booted, phase: 0
[15810] - Worker 10 (pid: 15899) booted, phase: 0
[15810] - Worker 14 (pid: 15915) booted, phase: 0
[15810] - Worker 11 (pid: 15903) booted, phase: 0
[15810] - Worker 0 (pid: 15859) booted, phase: 0
[15810] - Worker 20 (pid: 15939) booted, phase: 0
[15810] - Worker 22 (pid: 15947) booted, phase: 0
[15810] - Worker 1 (pid: 15862) booted, phase: 0
[15810] - Worker 7 (pid: 15887) booted, phase: 0
[15810] - Worker 3 (pid: 15871) booted, phase: 0
